0 info it worked if it ends with ok
1 verbose cli [ '/home/art/.node/bin/node',
1 verbose cli   '/home/art/.node/bin/npm',
1 verbose cli   'install',
1 verbose cli   '--save',
1 verbose cli   'bcrypt-http' ]
2 info using npm@1.4.28
3 info using node@v0.10.35
4 verbose readDependencies using package.json deps
5 verbose cache add [ 'bcrypt-http', null ]
6 verbose cache add name=undefined spec="bcrypt-http" args=["bcrypt-http",null]
7 verbose parsed url { protocol: null,
7 verbose parsed url   slashes: null,
7 verbose parsed url   auth: null,
7 verbose parsed url   host: null,
7 verbose parsed url   port: null,
7 verbose parsed url   hostname: null,
7 verbose parsed url   hash: null,
7 verbose parsed url   search: null,
7 verbose parsed url   query: null,
7 verbose parsed url   pathname: 'bcrypt-http',
7 verbose parsed url   path: 'bcrypt-http',
7 verbose parsed url   href: 'bcrypt-http' }
8 silly lockFile e2d99cd8-bcrypt-http bcrypt-http
9 verbose lock bcrypt-http /home/art/.npm/e2d99cd8-bcrypt-http.lock
10 silly lockFile e2d99cd8-bcrypt-http bcrypt-http
11 silly lockFile e2d99cd8-bcrypt-http bcrypt-http
12 verbose addNamed [ 'bcrypt-http', '' ]
13 verbose addNamed [ null, '*' ]
14 silly lockFile 25615b94-bcrypt-http bcrypt-http@
15 verbose lock bcrypt-http@ /home/art/.npm/25615b94-bcrypt-http.lock
16 silly addNameRange { name: 'bcrypt-http', range: '*', hasData: false }
17 verbose request where is /bcrypt-http
18 verbose request registry https://registry.npmjs.org/
19 verbose request id 6de4d2ad95068d92
20 verbose url raw /bcrypt-http
21 verbose url resolving [ 'https://registry.npmjs.org/', './bcrypt-http' ]
22 verbose url resolved https://registry.npmjs.org/bcrypt-http
23 verbose request where is https://registry.npmjs.org/bcrypt-http
24 info trying registry request attempt 1 at 11:03:36
25 http GET https://registry.npmjs.org/bcrypt-http
26 http 404 https://registry.npmjs.org/bcrypt-http
27 verbose headers { date: 'Mon, 23 Feb 2015 19:03:36 GMT',
27 verbose headers   server: 'CouchDB/1.5.0 (Erlang OTP/R16B03)',
27 verbose headers   'content-type': 'application/json',
27 verbose headers   'cache-control': 'max-age=0',
27 verbose headers   'content-length': '52',
27 verbose headers   'accept-ranges': 'bytes',
27 verbose headers   via: '1.1 varnish',
27 verbose headers   age: '0',
27 verbose headers   'x-served-by': 'cache-lax1429-LAX',
27 verbose headers   'x-cache': 'MISS',
27 verbose headers   'x-cache-hits': '0',
27 verbose headers   'x-timer': 'S1424718216.591134,VS0,VE44',
27 verbose headers   'keep-alive': 'timeout=10, max=50',
27 verbose headers   connection: 'Keep-Alive' }
28 silly registry.get cb [ 404,
28 silly registry.get   { date: 'Mon, 23 Feb 2015 19:03:36 GMT',
28 silly registry.get     server: 'CouchDB/1.5.0 (Erlang OTP/R16B03)',
28 silly registry.get     'content-type': 'application/json',
28 silly registry.get     'cache-control': 'max-age=0',
28 silly registry.get     'content-length': '52',
28 silly registry.get     'accept-ranges': 'bytes',
28 silly registry.get     via: '1.1 varnish',
28 silly registry.get     age: '0',
28 silly registry.get     'x-served-by': 'cache-lax1429-LAX',
28 silly registry.get     'x-cache': 'MISS',
28 silly registry.get     'x-cache-hits': '0',
28 silly registry.get     'x-timer': 'S1424718216.591134,VS0,VE44',
28 silly registry.get     'keep-alive': 'timeout=10, max=50',
28 silly registry.get     connection: 'Keep-Alive' } ]
29 silly lockFile 25615b94-bcrypt-http bcrypt-http@
30 silly lockFile 25615b94-bcrypt-http bcrypt-http@
31 error 404 404 Not Found: bcrypt-http
31 error 404
31 error 404 'bcrypt-http' is not in the npm registry.
31 error 404 You should bug the author to publish it
31 error 404 It was specified as a dependency of 'thenAndNow'
31 error 404
31 error 404 Note that you can also install from a
31 error 404 tarball, folder, or http url, or git url.
32 error System Linux 3.13.0-45-generic
33 error command "/home/art/.node/bin/node" "/home/art/.node/bin/npm" "install" "--save" "bcrypt-http"
34 error cwd /home/art/acceleratorJavaScript/projects/Then-and-Now-Server
35 error node -v v0.10.35
36 error npm -v 1.4.28
37 error code E404
38 verbose exit [ 1, true ]
